  OpenCVApplication.cpp
c:\users\florin\desktop\computer-vision-application\src\computer-vision\opencvapplication.cpp(46): warning C4244: '=': conversion from 'int' to 'float', possible loss of data
c:\users\florin\desktop\computer-vision-application\src\computer-vision\opencvapplication.cpp(445): warning C4244: '=': conversion from 'double' to '_Tp', possible loss of data
          with
          [
              _Tp=uchar
          ]
c:\users\florin\desktop\computer-vision-application\src\computer-vision\opencvapplication.cpp(615): warning C4244: '=': conversion from 'int' to 'float', possible loss of data
c:\users\florin\desktop\computer-vision-application\src\computer-vision\opencvapplication.cpp(616): warning C4244: '=': conversion from 'int' to 'float', possible loss of data
c:\users\florin\desktop\computer-vision-application\src\computer-vision\opencvapplication.cpp(619): warning C4244: 'initializing': conversion from 'float' to 'int', possible loss of data
c:\users\florin\desktop\computer-vision-application\src\computer-vision\opencvapplication.cpp(620): warning C4244: 'initializing': conversion from 'float' to 'int', possible loss of data
c:\users\florin\desktop\computer-vision-application\src\computer-vision\opencvapplication.cpp(626): warning C4244: 'argument': conversion from 'float' to 'int', possible loss of data
c:\users\florin\desktop\computer-vision-application\src\computer-vision\opencvapplication.cpp(670): warning C4244: '=': conversion from 'double' to '_Tp', possible loss of data
          with
          [
              _Tp=float
          ]
c:\users\florin\desktop\computer-vision-application\src\computer-vision\opencvapplication.cpp(640): warning C4101: 'data': unreferenced local variable
c:\users\florin\desktop\computer-vision-application\src\computer-vision\opencvapplication.cpp(698): warning C4244: '+=': conversion from '_Tp' to 'int', possible loss of data
          with
          [
              _Tp=float
          ]
c:\users\florin\desktop\computer-vision-application\src\computer-vision\opencvapplication.cpp(702): warning C4244: '=': conversion from 'float' to '_Tp', possible loss of data
          with
          [
              _Tp=uchar
          ]
c:\users\florin\desktop\computer-vision-application\src\computer-vision\opencvapplication.cpp(717): warning C4244: '+=': conversion from '_Tp' to 'int', possible loss of data
          with
          [
              _Tp=float
          ]
c:\users\florin\desktop\computer-vision-application\src\computer-vision\opencvapplication.cpp(767): warning C4244: '=': conversion from 'double' to '_Tp', possible loss of data
          with
          [
              _Tp=float
          ]
c:\users\florin\desktop\computer-vision-application\src\computer-vision\opencvapplication.cpp(774): warning C4244: '=': conversion from 'double' to '_Tp', possible loss of data
          with
          [
              _Tp=float
          ]
c:\users\florin\desktop\computer-vision-application\src\computer-vision\opencvapplication.cpp(810): warning C4101: 'sum': unreferenced local variable
c:\users\florin\desktop\computer-vision-application\src\computer-vision\opencvapplication.cpp(891): warning C4305: '+=': truncation from 'double' to '_Tp'
          with
          [
              _Tp=float
          ]
c:\users\florin\desktop\computer-vision-application\src\computer-vision\opencvapplication.cpp(971): warning C4244: '=': conversion from 'float' to 'int', possible loss of data
c:\users\florin\desktop\computer-vision-application\src\computer-vision\opencvapplication.cpp(987): warning C4244: '=': conversion from 'float' to 'int', possible loss of data
  OpenCVApplication.vcxproj -> C:\Users\Florin\Desktop\Computer-vision-application\src\computer-vision\Debug\OpenCVApplication.exe
  OpenCV\dll\Debug\opencv_calib3d2413d.dll
  OpenCV\dll\Debug\opencv_contrib2413d.dll
  OpenCV\dll\Debug\opencv_core2413d.dll
  OpenCV\dll\Debug\opencv_features2d2413d.dll
  OpenCV\dll\Debug\opencv_ffmpeg2413.dll
  OpenCV\dll\Debug\opencv_flann2413d.dll
  OpenCV\dll\Debug\opencv_gpu2413d.dll
  OpenCV\dll\Debug\opencv_highgui2413d.dll
  OpenCV\dll\Debug\opencv_imgproc2413d.dll
  OpenCV\dll\Debug\opencv_legacy2413d.dll
  OpenCV\dll\Debug\opencv_ml2413d.dll
  OpenCV\dll\Debug\opencv_nonfree2413d.dll
  OpenCV\dll\Debug\opencv_objdetect2413d.dll
  OpenCV\dll\Debug\opencv_ocl2413d.dll
  OpenCV\dll\Debug\opencv_photo2413d.dll
  OpenCV\dll\Debug\opencv_stitching2413d.dll
  OpenCV\dll\Debug\opencv_superres2413d.dll
  OpenCV\dll\Debug\opencv_video2413d.dll
  OpenCV\dll\Debug\opencv_videostab2413d.dll
         19 file(s) copied.
